#
# A fatal error has been detected by the Java Runtime Environment:
#
#  EXCEPTION_ACCESS_VIOLATION (0xc0000005) at pc=0x00007ff945bbe392, pid=15416, tid=16096
#
# JRE version: Java(TM) SE Runtime Environment (13.0.1+9) (build 13.0.1+9)
# Java VM: Java HotSpot(TM) 64-Bit Server VM (13.0.1+9, mixed mode, sharing, tiered, compressed oops, g1 gc, windows-amd64)
# Problematic frame:
# C  [ntdll.dll+0x1e392]
#
# No core dump will be written. Minidumps are not enabled by default on client versions of Windows
#
# If you would like to submit a bug report, please visit:
#   http://bugreport.java.com/bugreport/crash.jsp
# The crash happened outside the Java Virtual Machine in native code.
# See problematic frame for where to report the bug.
#

---------------  S U M M A R Y ------------

Command Line: -Didea.launcher.port=50973 -Didea.launcher.bin.path=C:\Program Files\JetBrains\IntelliJ IDEA Community Edition 2019.1.3\bin -Dfile.encoding=UTF-8 com.intellij.rt.execution.application.AppMainV2 com.mikael.game.GameLauncher

Host: Intel(R) Core(TM) i5-6600K CPU @ 3.50GHz, 4 cores, 15G,  Windows 10 , 64 bit Build 18362 (10.0.18362.329)
Time: Tue Nov 12 16:59:05 2019 Västeuropa, normaltid elapsed time: 2 seconds (0d 0h 0m 2s)

---------------  T H R E A D  ---------------

Current thread (0x0000024a5cbfa000):  JavaThread "GameThread" [_thread_in_native, id=16096, stack(0x000000cf082a0000,0x000000cf083a0000)]

Stack: [0x000000cf082a0000,0x000000cf083a0000],  sp=0x000000cf0839d5e0,  free space=1013k
Native frames: (J=compiled Java code, j=interpreted, Vv=VM code, C=native code)
C  [ntdll.dll+0x1e392]
C  [ntdll.dll+0x6a1c9]
C  [ntdll.dll+0x9fe6e]
C  [ntdll.dll+0x72a6]
C  [ntdll.dll+0x1b5f6]
C  [ntdll.dll+0x1b440]
C  0x00007ff93692fe56

Java frames: (J=compiled Java code, j=interpreted, Vv=VM code)
j  sun.java2d.d3d.D3DSurfaceData.initOps(III)V+0 java.desktop@13.0.1
j  sun.java2d.d3d.D3DSurfaceData.<init>(Lsun/awt/windows/WComponentPeer;Lsun/java2d/d3d/D3DGraphicsConfig;IILjava/awt/Image;Ljava/awt/image/ColorModel;IILsun/java2d/pipe/hw/ExtendedBufferCapabilities$VSyncType;I)V+212 java.desktop@13.0.1
j  sun.java2d.d3d.D3DSurfaceData.createData(Lsun/java2d/d3d/D3DGraphicsConfig;IILjava/awt/image/ColorModel;Ljava/awt/Image;I)Lsun/java2d/d3d/D3DSurfaceData;+70 java.desktop@13.0.1
j  sun.java2d.d3d.D3DGraphicsConfig.createManagedSurface(III)Lsun/java2d/SurfaceData;+10 java.desktop@13.0.1
j  sun.java2d.d3d.D3DSurfaceDataProxy.validateSurfaceData(Lsun/java2d/SurfaceData;Lsun/java2d/SurfaceData;II)Lsun/java2d/SurfaceData;+22 java.desktop@13.0.1
j  sun.java2d.SurfaceDataProxy.replaceData(Lsun/java2d/SurfaceData;ILsun/java2d/loops/CompositeType;Ljava/awt/Color;)Lsun/java2d/SurfaceData;+191 java.desktop@13.0.1
J 1064 c2 sun.java2d.SurfaceData.getSourceSurfaceData(Ljava/awt/Image;ILsun/java2d/loops/CompositeType;Ljava/awt/Color;)Lsun/java2d/SurfaceData; java.desktop@13.0.1 (110 bytes) @ 0x0000024a47c635ec [0x0000024a47c632c0+0x000000000000032c]
j  sun.java2d.pipe.DrawImage.renderImageCopy(Lsun/java2d/SunGraphics2D;Ljava/awt/Image;Ljava/awt/Color;IIIIII)Z+24 java.desktop@13.0.1
j  sun.java2d.pipe.DrawImage.copyImage(Lsun/java2d/SunGraphics2D;Ljava/awt/Image;IIIIIILjava/awt/Color;)Z+33 java.desktop@13.0.1
j  sun.java2d.pipe.DrawImage.copyImage(Lsun/java2d/SunGraphics2D;Ljava/awt/Image;IIIIIILjava/awt/Color;Ljava/awt/image/ImageObserver;)Z+23 java.desktop@13.0.1
j  sun.java2d.pipe.ValidatePipe.copyImage(Lsun/java2d/SunGraphics2D;Ljava/awt/Image;IIIIIILjava/awt/Color;Ljava/awt/image/ImageObserver;)Z+29 java.desktop@13.0.1
j  sun.java2d.SunGraphics2D.copyImage(Ljava/awt/Image;IIIIIILjava/awt/Color;Ljava/awt/image/ImageObserver;)Z+20 java.desktop@13.0.1
J 1111 c2 sun.java2d.SunGraphics2D.drawImage(Ljava/awt/Image;IIIILjava/awt/image/ImageObserver;)Z java.desktop@13.0.1 (15 bytes) @ 0x0000024a47c77fa4 [0x0000024a47c77820+0x0000000000000784]
j  com.mikael.game.GamePanel.draw()V+22
j  com.mikael.game.GamePanel.run()V+147
j  java.lang.Thread.run()V+11 java.base@13.0.1
v  ~StubRoutines::call_stub

siginfo: EXCEPTION_ACCESS_VIOLATION (0xc0000005), reading address 0x00007ff936ae142c


Register to memory mapping:

RIP=0x00007ff945bbe392 ntdll.dll
RAX=0x000000000000310b is an unknown value
RBX=0x000000000000fe56 is an unknown value
RCX=0x000000000000c438 is an unknown value
RDX=0x000000000000105a is an unknown value
RSP=0x000000cf0839d5e0 is pointing into the stack for thread: 0x0000024a5cbfa000
RBP=0x000000cf0839db70 is pointing into the stack for thread: 0x0000024a5cbfa000
RSI=0x0 is NULL
RDI=0x00007ff936ad5000 is an unknown value
R8 =0x00007ff936920000 is an unknown value
R9 =0x000000000000000b is an unknown value
R10=0x00007ff945d1a4e0 ntdll.dll
R11=0x0000000000000011 is an unknown value
R12=0x0 is NULL
R13=0x00007ff945d0bd5c ntdll.dll
R14=0x000000cf0839dc10 is pointing into the stack for thread: 0x0000024a5cbfa000
R15=0x000000cf0839db88 is pointing into the stack for thread: 0x0000024a5cbfa000


Registers:
RAX=0x000000000000310b, RBX=0x000000000000fe56, RCX=0x000000000000c438, RDX=0x000000000000105a
RSP=0x000000cf0839d5e0, RBP=0x000000cf0839db70, RSI=0x0000000000000000, RDI=0x00007ff936ad5000
R8 =0x00007ff936920000, R9 =0x000000000000000b, R10=0x00007ff945d1a4e0, R11=0x0000000000000011
R12=0x0000000000000000, R13=0x00007ff945d0bd5c, R14=0x000000cf0839dc10, R15=0x000000cf0839db88
RIP=0x00007ff945bbe392, EFLAGS=0x0000000000010206

Top of Stack: (sp=0x000000cf0839d5e0)
0x000000cf0839d5e0:   0000000000000000 000000cf00000000
0x000000cf0839d5f0:   00007ff945bbb440 000000cf0839d670
0x000000cf0839d600:   00007ff936ad5000 00007ff936920000
0x000000cf0839d610:   0000c438001c7000 000000cf0839e230
0x000000cf0839d620:   00007ff93692fe56 00007ff945c0a1c9
0x000000cf0839d630:   000000cf0839e230 0000000000000000
0x000000cf0839d640:   0000000000000000 000000cf0839d670
0x000000cf0839d650:   000000cf0839d670 000000cf0839db90
0x000000cf0839d660:   000000cf0839db80 0000000000000000
0x000000cf0839d670:   0000024a000004f1 000000cf0839ecd0
0x000000cf0839d680:   000000cf0839ecd0 00007ff85b92cbe0
0x000000cf0839d690:   000002c7b4539b90 0000024a5c013f20
0x000000cf0839d6a0:   00001fa00010000f 00007ff8f0170033
0x000000cf0839d6b0:   00010213002bb9e8 00000000ffffffff
0x000000cf0839d6c0:   000000005b92b948 000000005b92ba38
0x000000cf0839d6d0:   000000005be2f0f8 0000000000000004 

Instructions: (pc=0x00007ff945bbe392)
0x00007ff945bbe292:   00 0f 10 00 0f 11 01 0f 10 48 10 0f 11 49 10 0f
0x00007ff945bbe2a2:   10 40 20 0f 11 41 20 0f 10 48 30 0f 11 49 30 0f
0x00007ff945bbe2b2:   10 40 40 0f 11 41 40 0f 10 48 50 0f 11 49 50 0f
0x00007ff945bbe2c2:   10 40 60 0f 11 41 60 0f 10 40 70 0f 11 44 11 f0
0x00007ff945bbe2d2:   0f 10 0c 10 0f 11 0c 11 0f 10 44 10 10 0f 11 44
0x00007ff945bbe2e2:   11 10 48 8b 5c 24 30 48 8b 74 24 38 48 83 c4 20
0x00007ff945bbe2f2:   5f c3 23 ca 3b ca 0f 85 39 fe ff ff e9 1f e6 08
0x00007ff945bbe302:   00 cc cc cc cc cc cc cc cc cc cc cc cc cc 48 89
0x00007ff945bbe312:   5c 24 18 4c 89 74 24 20 41 57 48 83 ec 40 4d 8b
0x00007ff945bbe322:   f0 4c 8b fa 48 8b d9 4d 85 c0 0f 85 3b 01 00 00
0x00007ff945bbe332:   48 8b 0d af c1 15 00 48 89 74 24 50 48 89 7c 24
0x00007ff945bbe342:   58 48 3b d9 0f 83 eb 00 00 00 48 8d 54 24 20 48
0x00007ff945bbe352:   8b cb e8 47 03 00 00 48 8b f8 48 85 ff 0f 84 fb
0x00007ff945bbe362:   02 00 00 8b 4c 24 34 48 b8 ab aa aa aa aa aa aa
0x00007ff945bbe372:   aa 4c 8b 44 24 28 33 f6 48 f7 e1 4d 89 07 48 c1
0x00007ff945bbe382:   ea 03 85 d2 74 73 8d 42 ff 49 2b d8 48 8d 04 40
0x00007ff945bbe392:   44 8b 1c 87 4c 8d 14 87 49 3b db 73 48 44 8d 42
0x00007ff945bbe3a2:   fe 44 8b ce 45 85 c0 78 3c 0f 1f 44 00 00 43 8d
0x00007ff945bbe3b2:   04 08 d1 f8 48 63 c8 48 8d 14 49 4c 8d 14 97 8b
0x00007ff945bbe3c2:   14 97 48 3b da 72 12 41 8b 4a 0c 44 8b da 48 3b
0x00007ff945bbe3d2:   d9 72 12 44 8d 48 01 eb 04 44 8d 40 ff 44 8b da
0x00007ff945bbe3e2:   45 3b c1 7d c9 41 8b c3 48 3b d8 72 0c 41 8b 42
0x00007ff945bbe3f2:   04 48 3b d8 73 03 49 8b f2 48 8b 7c 24 58 48 85
0x00007ff945bbe402:   f6 74 19 4d 85 f6 0f 85 0e 01 00 00 48 85 f6 74
0x00007ff945bbe412:   0b 8b 46 08 a8 01 0f 85 55 02 00 00 48 8b c6 48
0x00007ff945bbe422:   8b 74 24 50 48 8b 5c 24 60 4c 8b 74 24 68 48 83
0x00007ff945bbe432:   c4 40 41 5f c3 8b 05 b3 c0 15 00 48 03 c1 48 3b
0x00007ff945bbe442:   d8 0f 83 03 ff ff ff 0f 28 0d 90 c0 15 00 f2 0f
0x00007ff945bbe452:   10 05 98 c0 15 00 66 48 0f 7e cf 0f 11 4c 24 20
0x00007ff945bbe462:   f2 0f 11 44 24 30 e9 ef fe ff ff 41 80 78 07 00
0x00007ff945bbe472:   4c 8d 1d 77 bf 15 00 0f 85 7e 01 00 00 41 80 78
0x00007ff945bbe482:   06 00 0f 84 a8 fe ff ff 48 3b 1d 67 bf 15 00 0f 


Stack slot to memory mapping:
stack at sp + 0 slots: 0x0 is NULL
stack at sp + 1 slots: 0x000000cf00000000 is an unknown value
stack at sp + 2 slots: 0x00007ff945bbb440 ntdll.dll
stack at sp + 3 slots: 0x000000cf0839d670 is pointing into the stack for thread: 0x0000024a5cbfa000
stack at sp + 4 slots: 0x00007ff936ad5000 is an unknown value
stack at sp + 5 slots: 0x00007ff936920000 is an unknown value
stack at sp + 6 slots: 0x0000c438001c7000 is an unknown value
stack at sp + 7 slots: 0x000000cf0839e230 is pointing into the stack for thread: 0x0000024a5cbfa000


---------------  P R O C E S S  ---------------

Threads class SMR info:
_java_thread_list=0x0000024a661f6be0, length=15, elements={
0x0000024a5b6ef000, 0x0000024a5b6f2000, 0x0000024a5b709800, 0x0000024a5b70b000,
0x0000024a5b70e000, 0x0000024a5b71c800, 0x0000024a5c011800, 0x0000024a5c0cd000,
0x0000024a5c0d6800, 0x0000024a5c0e0800, 0x0000024a5c318000, 0x0000024a5c31c800,
0x0000024a5cbbb000, 0x0000024a5cbfa000, 0x0000024a3642b800
}

Java Threads: ( => current thread )
  0x0000024a5b6ef000 JavaThread "Reference Handler" daemon [_thread_blocked, id=7332, stack(0x000000cf07100000,0x000000cf07200000)]
  0x0000024a5b6f2000 JavaThread "Finalizer" daemon [_thread_blocked, id=15892, stack(0x000000cf07200000,0x000000cf07300000)]
  0x0000024a5b709800 JavaThread "Signal Dispatcher" daemon [_thread_blocked, id=1488, stack(0x000000cf07300000,0x000000cf07400000)]
  0x0000024a5b70b000 JavaThread "Attach Listener" daemon [_thread_blocked, id=10020, stack(0x000000cf07400000,0x000000cf07500000)]
  0x0000024a5b70e000 JavaThread "C2 CompilerThread0" daemon [_thread_blocked, id=15504, stack(0x000000cf07500000,0x000000cf07600000)]
  0x0000024a5b71c800 JavaThread "C1 CompilerThread0" daemon [_thread_blocked, id=13324, stack(0x000000cf07600000,0x000000cf07700000)]
  0x0000024a5c011800 JavaThread "Sweeper thread" daemon [_thread_blocked, id=16032, stack(0x000000cf07700000,0x000000cf07800000)]
  0x0000024a5c0cd000 JavaThread "Service Thread" daemon [_thread_blocked, id=2588, stack(0x000000cf07800000,0x000000cf07900000)]
  0x0000024a5c0d6800 JavaThread "Common-Cleaner" daemon [_thread_blocked, id=10316, stack(0x000000cf07a00000,0x000000cf07b00000)]
  0x0000024a5c0e0800 JavaThread "Monitor Ctrl-Break" daemon [_thread_in_native, id=10544, stack(0x000000cf07b00000,0x000000cf07c00000)]
  0x0000024a5c318000 JavaThread "Java2D Disposer" daemon [_thread_blocked, id=6092, stack(0x000000cf07c00000,0x000000cf07d00000)]
  0x0000024a5c31c800 JavaThread "AWT-Shutdown" [_thread_blocked, id=5176, stack(0x000000cf07d00000,0x000000cf07e00000)]
  0x0000024a5cbbb000 JavaThread "AWT-EventQueue-0" [_thread_blocked, id=5296, stack(0x000000cf081a0000,0x000000cf082a0000)]
=>0x0000024a5cbfa000 JavaThread "GameThread" [_thread_in_native, id=16096, stack(0x000000cf082a0000,0x000000cf083a0000)]
  0x0000024a3642b800 JavaThread "DestroyJavaVM" [_thread_blocked, id=2168, stack(0x000000cf06a00000,0x000000cf06b00000)]

Other Threads:
  0x0000024a5b6ed800 VMThread "VM Thread" [stack: 0x000000cf07000000,0x000000cf07100000] [id=5736]
  0x0000024a5c0cd800 WatcherThread [stack: 0x000000cf07900000,0x000000cf07a00000] [id=14724]
  0x0000024a36495000 GCTaskThread "GC Thread#0" [stack: 0x000000cf06b00000,0x000000cf06c00000] [id=13724]
  0x0000024a66351800 GCTaskThread "GC Thread#1" [stack: 0x000000cf085a0000,0x000000cf086a0000] [id=9796]
  0x0000024a66352800 GCTaskThread "GC Thread#2" [stack: 0x000000cf086a0000,0x000000cf087a0000] [id=15388]
  0x0000024a663c3800 GCTaskThread "GC Thread#3" [stack: 0x000000cf087a0000,0x000000cf088a0000] [id=8736]
  0x0000024a364b7800 ConcurrentGCThread "G1 Main Marker" [stack: 0x000000cf06c00000,0x000000cf06d00000] [id=4236]
  0x0000024a364b9000 ConcurrentGCThread "G1 Conc#0" [stack: 0x000000cf06d00000,0x000000cf06e00000] [id=2228]
  0x0000024a5b5e9800 ConcurrentGCThread "G1 Refine#0" [stack: 0x000000cf06e00000,0x000000cf06f00000] [id=12396]
  0x0000024a5c2de000 ConcurrentGCThread "G1 Refine#1" [stack: 0x000000cf088a0000,0x000000cf089a0000] [id=6644]
  0x0000024a5b5eb800 ConcurrentGCThread "G1 Young RemSet Sampling" [stack: 0x000000cf06f00000,0x000000cf07000000] [id=13808]

Threads with active compile tasks:

VM state:not at safepoint (normal execution)

VM Mutex/Monitor currently owned by a thread: None

Heap address: 0x0000000700e00000, size: 4082 MB, Compressed Oops mode: Zero based, Oop shift amount: 3
Narrow klass base: 0x0000000800000000, Narrow klass shift: 3
Compressed class space size: 1073741824 Address: 0x0000000800b40000

Heap:
 garbage-first heap   total 262144K, used 15409K [0x0000000700e00000, 0x0000000800000000)
  region size 1024K, 7 young (7168K), 1 survivors (1024K)
 Metaspace       used 9851K, capacity 10106K, committed 10240K, reserved 1058816K
  class space    used 1042K, capacity 1162K, committed 1280K, reserved 1048576K
Heap Regions: E=young(eden), S=young(survivor), O=old, HS=humongous(starts), HC=humongous(continues), CS=collection set, F=free, A=archive, TAMS=top-at-mark-start (previous, next)
|   0|0x0000000700e00000, 0x0000000700f00000, 0x0000000700f00000|100%|HS|  |TAMS 0x0000000700e00000, 0x0000000700e00000| Complete 
|   1|0x0000000700f00000, 0x0000000701000000, 0x0000000701000000|100%|HC|  |TAMS 0x0000000700f00000, 0x0000000700f00000| Complete 
|   2|0x0000000701000000, 0x0000000701100000, 0x0000000701100000|100%|HC|  |TAMS 0x0000000701000000, 0x0000000701000000| Complete 
|   3|0x0000000701100000, 0x0000000701200000, 0x0000000701200000|100%|HC|  |TAMS 0x0000000701100000, 0x0000000701100000| Complete 
|   4|0x0000000701200000, 0x0000000701300000, 0x0000000701300000|100%| O|  |TAMS 0x0000000701200000, 0x0000000701200000| Untracked 
|   5|0x0000000701300000, 0x0000000701400000, 0x0000000701400000|100%| O|  |TAMS 0x0000000701300000, 0x0000000701300000| Untracked 
|   6|0x0000000701400000, 0x0000000701500000, 0x0000000701500000|100%| O|  |TAMS 0x0000000701400000, 0x0000000701400000| Untracked 
|   7|0x0000000701500000, 0x0000000701600000, 0x0000000701600000|100%| O|  |TAMS 0x0000000701500000, 0x0000000701500000| Untracked 
|   8|0x0000000701600000, 0x0000000701700000, 0x0000000701700000|100%| O|  |TAMS 0x0000000701600000, 0x0000000701600000| Untracked 
|   9|0x0000000701700000, 0x000000070171c600, 0x0000000701800000| 11%| O|  |TAMS 0x0000000701700000, 0x0000000701700000| Untracked 
|  10|0x0000000701800000, 0x0000000701800000, 0x0000000701900000|  0%| F|  |TAMS 0x0000000701800000, 0x0000000701800000| Untracked 
|  11|0x0000000701900000, 0x0000000701900000, 0x0000000701a00000|  0%| F|  |TAMS 0x0000000701900000, 0x0000000701900000| Untracked 
|  12|0x0000000701a00000, 0x0000000701a00000, 0x0000000701b00000|  0%| F|  |TAMS 0x0000000701a00000, 0x0000000701a00000| Untracked 
|  13|0x0000000701b00000, 0x0000000701b00000, 0x0000000701c00000|  0%| F|  |TAMS 0x0000000701b00000, 0x0000000701b00000| Untracked 
|  14|0x0000000701c00000, 0x0000000701c00000, 0x0000000701d00000|  0%| F|  |TAMS 0x0000000701c00000, 0x0000000701c00000| Untracked 
|  15|0x0000000701d00000, 0x0000000701d00000, 0x0000000701e00000|  0%| F|  |TAMS 0x0000000701d00000, 0x0000000701d00000| Untracked 
|  16|0x0000000701e00000, 0x0000000701e00000, 0x0000000701f00000|  0%| F|  |TAMS 0x0000000701e00000, 0x0000000701e00000| Untracked 
|  17|0x0000000701f00000, 0x0000000701f00000, 0x0000000702000000|  0%| F|  |TAMS 0x0000000701f00000, 0x0000000701f00000| Untracked 
|  18|0x0000000702000000, 0x0000000702000000, 0x0000000702100000|  0%| F|  |TAMS 0x0000000702000000, 0x0000000702000000| Untracked 
|  19|0x0000000702100000, 0x0000000702100000, 0x0000000702200000|  0%| F|  |TAMS 0x0000000702100000, 0x0000000702100000| Untracked 
|  20|0x0000000702200000, 0x0000000702200000, 0x0000000702300000|  0%| F|  |TAMS 0x0000000702200000, 0x0000000702200000| Untracked 
|  21|0x0000000702300000, 0x0000000702300000, 0x0000000702400000|  0%| F|  |TAMS 0x0000000702300000, 0x0000000702300000| Untracked 
|  22|0x0000000702400000, 0x0000000702400000, 0x0000000702500000|  0%| F|  |TAMS 0x0000000702400000, 0x0000000702400000| Untracked 
|  23|0x0000000702500000, 0x0000000702500000, 0x0000000702600000|  0%| F|  |TAMS 0x0000000702500000, 0x0000000702500000| Untracked 
|  24|0x0000000702600000, 0x0000000702600000, 0x0000000702700000|  0%| F|  |TAMS 0x0000000702600000, 0x0000000702600000| Untracked 
|  25|0x0000000702700000, 0x0000000702700000, 0x0000000702800000|  0%| F|  |TAMS 0x0000000702700000, 0x0000000702700000| Untracked 
|  26|0x0000000702800000, 0x0000000702800000, 0x0000000702900000|  0%| F|  |TAMS 0x0000000702800000, 0x0000000702800000| Untracked 
|  27|0x0000000702900000, 0x0000000702900000, 0x0000000702a00000|  0%| F|  |TAMS 0x0000000702900000, 0x0000000702900000| Untracked 
|  28|0x0000000702a00000, 0x0000000702a00000, 0x0000000702b00000|  0%| F|  |TAMS 0x0000000702a00000, 0x0000000702a00000| Untracked 
|  29|0x0000000702b00000, 0x0000000702b00000, 0x0000000702c00000|  0%| F|  |TAMS 0x0000000702b00000, 0x0000000702b00000| Untracked 
|  30|0x0000000702c00000, 0x0000000702c00000, 0x0000000702d00000|  0%| F|  |TAMS 0x0000000702c00000, 0x0000000702c00000| Untracked 
|  31|0x0000000702d00000, 0x0000000702d00000, 0x0000000702e00000|  0%| F|  |TAMS 0x0000000702d00000, 0x0000000702d00000| Untracked 
|  32|0x0000000702e00000, 0x0000000702e00000, 0x0000000702f00000|  0%| F|  |TAMS 0x0000000702e00000, 0x0000000702e00000| Untracked 
|  33|0x0000000702f00000, 0x0000000702f00000, 0x0000000703000000|  0%| F|  |TAMS 0x0000000702f00000, 0x0000000702f00000| Untracked 
|  34|0x0000000703000000, 0x0000000703000000, 0x0000000703100000|  0%| F|  |TAMS 0x0000000703000000, 0x0000000703000000| Untracked 
|  35|0x0000000703100000, 0x0000000703100000, 0x0000000703200000|  0%| F|  |TAMS 0x0000000703100000, 0x0000000703100000| Untracked 
|  36|0x0000000703200000, 0x0000000703200000, 0x0000000703300000|  0%| F|  |TAMS 0x0000000703200000, 0x0000000703200000| Untracked 
|  37|0x0000000703300000, 0x0000000703300000, 0x0000000703400000|  0%| F|  |TAMS 0x0000000703300000, 0x0000000703300000| Untracked 
|  38|0x0000000703400000, 0x0000000703400000, 0x0000000703500000|  0%| F|  |TAMS 0x0000000703400000, 0x0000000703400000| Untracked 
|  39|0x0000000703500000, 0x0000000703500000, 0x0000000703600000|  0%| F|  |TAMS 0x0000000703500000, 0x0000000703500000| Untracked 
|  40|0x0000000703600000, 0x0000000703600000, 0x0000000703700000|  0%| F|  |TAMS 0x0000000703600000, 0x0000000703600000| Untracked 
|  41|0x0000000703700000, 0x0000000703700000, 0x0000000703800000|  0%| F|  |TAMS 0x0000000703700000, 0x0000000703700000| Untracked 
|  42|0x0000000703800000, 0x0000000703800000, 0x0000000703900000|  0%| F|  |TAMS 0x0000000703800000, 0x0000000703800000| Untracked 
|  43|0x0000000703900000, 0x0000000703900000, 0x0000000703a00000|  0%| F|  |TAMS 0x0000000703900000, 0x0000000703900000| Untracked 
|  44|0x0000000703a00000, 0x0000000703a00000, 0x0000000703b00000|  0%| F|  |TAMS 0x0000000703a00000, 0x0000000703a00000| Untracked 
|  45|0x0000000703b00000, 0x0000000703b00000, 0x0000000703c00000|  0%| F|  |TAMS 0x0000000703b00000, 0x0000000703b00000| Untracked 
|  46|0x0000000703c00000, 0x0000000703c00000, 0x0000000703d00000|  0%| F|  |TAMS 0x0000000703c00000, 0x0000000703c00000| Untracked 
|  47|0x0000000703d00000, 0x0000000703d00000, 0x0000000703e00000|  0%| F|  |TAMS 0x0000000703d00000, 0x0000000703d00000| Untracked 
|  48|0x0000000703e00000, 0x0000000703e00000, 0x0000000703f00000|  0%| F|  |TAMS 0x0000000703e00000, 0x0000000703e00000| Untracked 
|  49|0x0000000703f00000, 0x0000000703f00000, 0x0000000704000000|  0%| F|  |TAMS 0x0000000703f00000, 0x0000000703f00000| Untracked 
|  50|0x0000000704000000, 0x0000000704000000, 0x0000000704100000|  0%| F|  |TAMS 0x0000000704000000, 0x0000000704000000| Untracked 
|  51|0x0000000704100000, 0x0000000704100000, 0x0000000704200000|  0%| F|  |TAMS 0x0000000704100000, 0x0000000704100000| Untracked 
|  52|0x0000000704200000, 0x0000000704200000, 0x0000000704300000|  0%| F|  |TAMS 0x0000000704200000, 0x0000000704200000| Untracked 
|  53|0x0000000704300000, 0x0000000704300000, 0x0000000704400000|  0%| F|  |TAMS 0x0000000704300000, 0x0000000704300000| Untracked 
|  54|0x0000000704400000, 0x0000000704400000, 0x0000000704500000|  0%| F|  |TAMS 0x0000000704400000, 0x0000000704400000| Untracked 
|  55|0x0000000704500000, 0x0000000704500000, 0x0000000704600000|  0%| F|  |TAMS 0x0000000704500000, 0x0000000704500000| Untracked 
|  56|0x0000000704600000, 0x0000000704600000, 0x0000000704700000|  0%| F|  |TAMS 0x0000000704600000, 0x0000000704600000| Untracked 
|  57|0x0000000704700000, 0x0000000704700000, 0x0000000704800000|  0%| F|  |TAMS 0x0000000704700000, 0x0000000704700000| Untracked 
|  58|0x0000000704800000, 0x0000000704800000, 0x0000000704900000|  0%| F|  |TAMS 0x0000000704800000, 0x0000000704800000| Untracked 
|  59|0x0000000704900000, 0x0000000704900000, 0x0000000704a00000|  0%| F|  |TAMS 0x0000000704900000, 0x0000000704900000| Untracked 
|  60|0x0000000704a00000, 0x0000000704a00000, 0x0000000704b00000|  0%| F|  |TAMS 0x0000000704a00000, 0x0000000704a00000| Untracked 
|  61|0x0000000704b00000, 0x0000000704b00000, 0x0000000704c00000|  0%| F|  |TAMS 0x0000000704b00000, 0x0000000704b00000| Untracked 
|  62|0x0000000704c00000, 0x0000000704c00000, 0x0000000704d00000|  0%| F|  |TAMS 0x0000000704c00000, 0x0000000704c00000| Untracked 
|  63|0x0000000704d00000, 0x0000000704d00000, 0x0000000704e00000|  0%| F|  |TAMS 0x0000000704d00000, 0x0000000704d00000| Untracked 
|  64|0x0000000704e00000, 0x0000000704e00000, 0x0000000704f00000|  0%| F|  |TAMS 0x0000000704e00000, 0x0000000704e00000| Untracked 
|  65|0x0000000704f00000, 0x0000000704f00000, 0x0000000705000000|  0%| F|  |TAMS 0x0000000704f00000, 0x0000000704f00000| Untracked 
|  66|0x0000000705000000, 0x0000000705000000, 0x0000000705100000|  0%| F|  |TAMS 0x0000000705000000, 0x0000000705000000| Untracked 
|  67|0x0000000705100000, 0x0000000705100000, 0x0000000705200000|  0%| F|  |TAMS 0x0000000705100000, 0x0000000705100000| Untracked 
|  68|0x0000000705200000, 0x0000000705200000, 0x0000000705300000|  0%| F|  |TAMS 0x0000000705200000, 0x0000000705200000| Untracked 
|  69|0x0000000705300000, 0x0000000705300000, 0x0000000705400000|  0%| F|  |TAMS 0x0000000705300000, 0x0000000705300000| Untracked 
|  70|0x0000000705400000, 0x0000000705400000, 0x0000000705500000|  0%| F|  |TAMS 0x0000000705400000, 0x0000000705400000| Untracked 
|  71|0x0000000705500000, 0x0000000705500000, 0x0000000705600000|  0%| F|  |TAMS 0x0000000705500000, 0x0000000705500000| Untracked 
|  72|0x0000000705600000, 0x0000000705600000, 0x0000000705700000|  0%| F|  |TAMS 0x0000000705600000, 0x0000000705600000| Untracked 
|  73|0x0000000705700000, 0x0000000705700000, 0x0000000705800000|  0%| F|  |TAMS 0x0000000705700000, 0x0000000705700000| Untracked 
|  74|0x0000000705800000, 0x0000000705800000, 0x0000000705900000|  0%| F|  |TAMS 0x0000000705800000, 0x0000000705800000| Untracked 
|  75|0x0000000705900000, 0x0000000705900000, 0x0000000705a00000|  0%| F|  |TAMS 0x0000000705900000, 0x0000000705900000| Untracked 
|  76|0x0000000705a00000, 0x0000000705a00000, 0x0000000705b00000|  0%| F|  |TAMS 0x0000000705a00000, 0x0000000705a00000| Untracked 
|  77|0x0000000705b00000, 0x0000000705b00000, 0x0000000705c00000|  0%| F|  |TAMS 0x0000000705b00000, 0x0000000705b00000| Untracked 
|  78|0x0000000705c00000, 0x0000000705c00000, 0x0000000705d00000|  0%| F|  |TAMS 0x0000000705c00000, 0x0000000705c00000| Untracked 
|  79|0x0000000705d00000, 0x0000000705d00000, 0x0000000705e00000|  0%| F|  |TAMS 0x0000000705d00000, 0x0000000705d00000| Untracked 
|  80|0x0000000705e00000, 0x0000000705e00000, 0x0000000705f00000|  0%| F|  |TAMS 0x0000000705e00000, 0x0000000705e00000| Untracked 
|  81|0x0000000705f00000, 0x0000000705f00000, 0x0000000706000000|  0%| F|  |TAMS 0x0000000705f00000, 0x0000000705f00000| Untracked 
|  82|0x0000000706000000, 0x0000000706000000, 0x0000000706100000|  0%| F|  |TAMS 0x0000000706000000, 0x0000000706000000| Untracked 
|  83|0x0000000706100000, 0x0000000706100000, 0x0000000706200000|  0%| F|  |TAMS 0x0000000706100000, 0x0000000706100000| Untracked 
|  84|0x0000000706200000, 0x0000000706200000, 0x0000000706300000|  0%| F|  |TAMS 0x0000000706200000, 0x0000000706200000| Untracked 
|  85|0x0000000706300000, 0x0000000706300000, 0x0000000706400000|  0%| F|  |TAMS 0x0000000706300000, 0x0000000706300000| Untracked 
|  86|0x0000000706400000, 0x0000000706400000, 0x0000000706500000|  0%| F|  |TAMS 0x0000000706400000, 0x0000000706400000| Untracked 
|  87|0x0000000706500000, 0x0000000706500000, 0x0000000706600000|  0%| F|  |TAMS 0x0000000706500000, 0x0000000706500000| Untracked 
|  88|0x0000000706600000, 0x0000000706600000, 0x0000000706700000|  0%| F|  |TAMS 0x0000000706600000, 0x0000000706600000| Untracked 
|  89|0x0000000706700000, 0x0000000706700000, 0x0000000706800000|  0%| F|  |TAMS 0x0000000706700000, 0x0000000706700000| Untracked 
|  90|0x0000000706800000, 0x0000000706800000, 0x0000000706900000|  0%| F|  |TAMS 0x0000000706800000, 0x0000000706800000| Untracked 
|  91|0x0000000706900000, 0x0000000706900000, 0x0000000706a00000|  0%| F|  |TAMS 0x0000000706900000, 0x0000000706900000| Untracked 
|  92|0x0000000706a00000, 0x0000000706a00000, 0x0000000706b00000|  0%| F|  |TAMS 0x0000000706a00000, 0x0000000706a00000| Untracked 
|  93|0x0000000706b00000, 0x0000000706b00000, 0x0000000706c00000|  0%| F|  |TAMS 0x0000000706b00000, 0x0000000706b00000| Untracked 
|  94|0x0000000706c00000, 0x0000000706c00000, 0x0000000706d00000|  0%| F|  |TAMS 0x0000000706c00000, 0x0000000706c00000| Untracked 
|  95|0x0000000706d00000, 0x0000000706d00000, 0x0000000706e00000|  0%| F|  |TAMS 0x0000000706d00000, 0x0000000706d00000| Untracked 
|  96|0x0000000706e00000, 0x0000000706e00000, 0x0000000706f00000|  0%| F|  |TAMS 0x0000000706e00000, 0x0000000706e00000| Untracked 
|  97|0x0000000706f00000, 0x0000000706f00000, 0x0000000707000000|  0%| F|  |TAMS 0x0000000706f00000, 0x0000000706f00000| Untracked 
|  98|0x0000000707000000, 0x0000000707000000, 0x0000000707100000|  0%| F|  |TAMS 0x0000000707000000, 0x0000000707000000| Untracked 
|  99|0x0000000707100000, 0x0000000707100000, 0x0000000707200000|  0%| F|  |TAMS 0x0000000707100000, 0x0000000707100000| Untracked 
| 100|0x0000000707200000, 0x0000000707200000, 0x0000000707300000|  0%| F|  |TAMS 0x0000000707200000, 0x0000000707200000| Untracked 
| 101|0x0000000707300000, 0x0000000707300000, 0x0000000707400000|  0%| F|  |TAMS 0x0000000707300000, 0x0000000707300000| Untracked 
| 102|0x0000000707400000, 0x0000000707400000, 0x0000000707500000|  0%| F|  |TAMS 0x0000000707400000, 0x0000000707400000| Untracked 
| 103|0x0000000707500000, 0x0000000707500000, 0x0000000707600000|  0%| F|  |TAMS 0x0000000707500000, 0x0000000707500000| Untracked 
| 104|0x0000000707600000, 0x0000000707600000, 0x0000000707700000|  0%| F|  |TAMS 0x0000000707600000, 0x0000000707600000| Untracked 
| 105|0x0000000707700000, 0x0000000707700000, 0x0000000707800000|  0%| F|  |TAMS 0x0000000707700000, 0x0000000707700000| Untracked 
| 106|0x0000000707800000, 0x0000000707800000, 0x0000000707900000|  0%| F|  |TAMS 0x0000000707800000, 0x0000000707800000| Untracked 
| 107|0x0000000707900000, 0x0000000707900000, 0x0000000707a00000|  0%| F|  |TAMS 0x0000000707900000, 0x0000000707900000| Untracked 
| 108|0x0000000707a00000, 0x0000000707a00000, 0x0000000707b00000|  0%| F|  |TAMS 0x0000000707a00000, 0x0000000707a00000| Untracked 
| 109|0x0000000707b00000, 0x0000000707b00000, 0x0000000707c00000|  0%| F|  |TAMS 0x0000000707b00000, 0x0000000707b00000| Untracked 
| 110|0x0000000707c00000, 0x0000000707c00000, 0x0000000707d00000|  0%| F|  |TAMS 0x0000000707c00000, 0x0000000707c00000| Untracked 
| 111|0x0000000707d00000, 0x0000000707d00000, 0x0000000707e00000|  0%| F|  |TAMS 0x0000000707d00000, 0x0000000707d00000| Untracked 
| 112|0x0000000707e00000, 0x0000000707e00000, 0x0000000707f00000|  0%| F|  |TAMS 0x0000000707e00000, 0x0000000707e00000| Untracked 
| 113|0x0000000707f00000, 0x0000000707f00000, 0x0000000708000000|  0%| F|  |TAMS 0x0000000707f00000, 0x0000000707f00000| Untracked 
| 114|0x0000000708000000, 0x0000000708000000, 0x0000000708100000|  0%| F|  |TAMS 0x0000000708000000, 0x0000000708000000| Untracked 
| 115|0x0000000708100000, 0x0000000708100000, 0x0000000708200000|  0%| F|  |TAMS 0x0000000708100000, 0x0000000708100000| Untracked 
| 116|0x0000000708200000, 0x0000000708200000, 0x0000000708300000|  0%| F|  |TAMS 0x0000000708200000, 0x0000000708200000| Untracked 
| 117|0x0000000708300000, 0x0000000708300000, 0x0000000708400000|  0%| F|  |TAMS 0x0000000708300000, 0x0000000708300000| Untracked 
| 118|0x0000000708400000, 0x0000000708400000, 0x0000000708500000|  0%| F|  |TAMS 0x0000000708400000, 0x0000000708400000| Untracked 
| 119|0x0000000708500000, 0x0000000708500000, 0x0000000708600000|  0%| F|  |TAMS 0x0000000708500000, 0x0000000708500000| Untracked 
| 120|0x0000000708600000, 0x0000000708600000, 0x0000000708700000|  0%| F|  |TAMS 0x0000000708600000, 0x0000000708600000| Untracked 
| 121|0x0000000708700000, 0x0000000708700000, 0x0000000708800000|  0%| F|  |TAMS 0x0000000708700000, 0x0000000708700000| Untracked 
| 122|0x0000000708800000, 0x0000000708800000, 0x0000000708900000|  0%| F|  |TAMS 0x0000000708800000, 0x0000000708800000| Untracked 
| 123|0x0000000708900000, 0x0000000708900000, 0x0000000708a00000|  0%| F|  |TAMS 0x0000000708900000, 0x0000000708900000| Untracked 
| 124|0x0000000708a00000, 0x0000000708a00000, 0x0000000708b00000|  0%| F|  |TAMS 0x0000000708a00000, 0x0000000708a00000| Untracked 
| 125|0x0000000708b00000, 0x0000000708b00000, 0x0000000708c00000|  0%| F|  |TAMS 0x0000000708b00000, 0x0000000708b00000| Untracked 
| 126|0x0000000708c00000, 0x0000000708c00000, 0x0000000708d00000|  0%| F|  |TAMS 0x0000000708c00000, 0x0000000708c00000| Untracked 
| 127|0x0000000708d00000, 0x0000000708d00000, 0x0000000708e00000|  0%| F|  |TAMS 0x0000000708d00000, 0x0000000708d00000| Untracked 
| 128|0x0000000708e00000, 0x0000000708e00000, 0x0000000708f00000|  0%| F|  |TAMS 0x0000000708e00000, 0x0000000708e00000| Untracked 
| 129|0x0000000708f00000, 0x0000000708f00000, 0x0000000709000000|  0%| F|  |TAMS 0x0000000708f00000, 0x0000000708f00000| Untracked 
| 130|0x0000000709000000, 0x0000000709000000, 0x0000000709100000|  0%| F|  |TAMS 0x0000000709000000, 0x0000000709000000| Untracked 
| 131|0x0000000709100000, 0x0000000709100000, 0x0000000709200000|  0%| F|  |TAMS 0x0000000709100000, 0x0000000709100000| Untracked 
| 132|0x0000000709200000, 0x0000000709200000, 0x0000000709300000|  0%| F|  |TAMS 0x0000000709200000, 0x0000000709200000| Untracked 
| 133|0x0000000709300000, 0x0000000709300000, 0x0000000709400000|  0%| F|  |TAMS 0x0000000709300000, 0x0000000709300000| Untracked 
| 134|0x0000000709400000, 0x0000000709400000, 0x0000000709500000|  0%| F|  |TAMS 0x0000000709400000, 0x0000000709400000| Untracked 
| 135|0x0000000709500000, 0x0000000709500000, 0x0000000709600000|  0%| F|  |TAMS 0x0000000709500000, 0x0000000709500000| Untracked 
| 136|0x0000000709600000, 0x0000000709600000, 0x0000000709700000|  0%| F|  |TAMS 0x0000000709600000, 0x0000000709600000| Untracked 
| 137|0x0000000709700000, 0x0000000709700000, 0x0000000709800000|  0%| F|  |TAMS 0x0000000709700000, 0x0000000709700000| Untracked 
| 138|0x0000000709800000, 0x0000000709800000, 0x0000000709900000|  0%| F|  |TAMS 0x0000000709800000, 0x0000000709800000| Untracked 
| 139|0x0000000709900000, 0x0000000709900000, 0x0000000709a00000|  0%| F|  |TAMS 0x0000000709900000, 0x0000000709900000| Untracked 
| 140|0x0000000709a00000, 0x0000000709a00000, 0x0000000709b00000|  0%| F|  |TAMS 0x0000000709a00000, 0x0000000709a00000| Untracked 
| 141|0x0000000709b00000, 0x0000000709b00000, 0x0000000709c00000|  0%| F|  |TAMS 0x0000000709b00000, 0x0000000709b00000| Untracked 
| 142|0x0000000709c00000, 0x0000000709c00000, 0x0000000709d00000|  0%| F|  |TAMS 0x0000000709c00000, 0x0000000709c00000| Untracked 
| 143|0x0000000709d00000, 0x0000000709d00000, 0x0000000709e00000|  0%| F|  |TAMS 0x0000000709d00000, 0x0000000709d00000| Untracked 
| 144|0x0000000709e00000, 0x0000000709e00000, 0x0000000709f00000|  0%| F|  |TAMS 0x0000000709e00000, 0x0000000709e00000| Untracked 
| 145|0x0000000709f00000, 0x0000000709f00000, 0x000000070a000000|  0%| F|  |TAMS 0x0000000709f00000, 0x0000000709f00000| Untracked 
| 146|0x000000070a000000, 0x000000070a000000, 0x000000070a100000|  0%| F|  |TAMS 0x000000070a000000, 0x000000070a000000| Untracked 
| 147|0x000000070a100000, 0x000000070a100000, 0x000000070a200000|  0%| F|  |TAMS 0x000000070a100000, 0x000000070a100000| Untracked 
| 148|0x000000070a200000, 0x000000070a200000, 0x000000070a300000|  0%| F|  |TAMS 0x000000070a200000, 0x000000070a200000| Untracked 
| 149|0x000000070a300000, 0x000000070a300000, 0x000000070a400000|  0%| F|  |TAMS 0x000000070a300000, 0x000000070a300000| Untracked 
| 150|0x000000070a400000, 0x000000070a400000, 0x000000070a500000|  0%| F|  |TAMS 0x000000070a400000, 0x000000070a400000| Untracked 
| 151|0x000000070a500000, 0x000000070a500000, 0x000000070a600000|  0%| F|  |TAMS 0x000000070a500000, 0x000000070a500000| Untracked 
| 152|0x000000070a600000, 0x000000070a600000, 0x000000070a700000|  0%| F|  |TAMS 0x000000070a600000, 0x000000070a600000| Untracked 
| 153|0x000000070a700000, 0x000000070a700000, 0x000000070a800000|  0%| F|  |TAMS 0x000000070a700000, 0x000000070a700000| Untracked 
| 154|0x000000070a800000, 0x000000070a800000, 0x000000070a900000|  0%| F|  |TAMS 0x000000070a800000, 0x000000070a800000| Untracked 
| 155|0x000000070a900000, 0x000000070a900000, 0x000000070aa00000|  0%| F|  |TAMS 0x000000070a900000, 0x000000070a900000| Untracked 
| 156|0x000000070aa00000, 0x000000070aa00000, 0x000000070ab00000|  0%| F|  |TAMS 0x000000070aa00000, 0x000000070aa00000| Untracked 
| 157|0x000000070ab00000, 0x000000070ab00000, 0x000000070ac00000|  0%| F|  |TAMS 0x000000070ab00000, 0x000000070ab00000| Untracked 
| 158|0x000000070ac00000, 0x000000070ac00000, 0x000000070ad00000|  0%| F|  |TAMS 0x000000070ac00000, 0x000000070ac00000| Untracked 
| 159|0x000000070ad00000, 0x000000070ad00000, 0x000000070ae00000|  0%| F|  |TAMS 0x000000070ad00000, 0x000000070ad00000| Untracked 
| 160|0x000000070ae00000, 0x000000070ae00000, 0x000000070af00000|  0%| F|  |TAMS 0x000000070ae00000, 0x000000070ae00000| Untracked 
| 161|0x000000070af00000, 0x000000070af00000, 0x000000070b000000|  0%| F|  |TAMS 0x000000070af00000, 0x000000070af00000| Untracked 
| 162|0x000000070b000000, 0x000000070b000000, 0x000000070b100000|  0%| F|  |TAMS 0x000000070b000000, 0x000000070b000000| Untracked 
| 163|0x000000070b100000, 0x000000070b100000, 0x000000070b200000|  0%| F|  |TAMS 0x000000070b100000, 0x000000070b100000| Untracked 
| 164|0x000000070b200000, 0x000000070b200000, 0x000000070b300000|  0%| F|  |TAMS 0x000000070b200000, 0x000000070b200000| Untracked 
| 165|0x000000070b300000, 0x000000070b300000, 0x000000070b400000|  0%| F|  |TAMS 0x000000070b300000, 0x000000070b300000| Untracked 
| 166|0x000000070b400000, 0x000000070b400000, 0x000000070b500000|  0%| F|  |TAMS 0x000000070b400000, 0x000000070b400000| Untracked 
| 167|0x000000070b500000, 0x000000070b500000, 0x000000070b600000|  0%| F|  |TAMS 0x000000070b500000, 0x000000070b500000| Untracked 
| 168|0x000000070b600000, 0x000000070b600000, 0x000000070b700000|  0%| F|  |TAMS 0x000000070b600000, 0x000000070b600000| Untracked 
| 169|0x000000070b700000, 0x000000070b700000, 0x000000070b800000|  0%| F|  |TAMS 0x000000070b700000, 0x000000070b700000| Untracked 
| 170|0x000000070b800000, 0x000000070b800000, 0x000000070b900000|  0%| F|  |TAMS 0x000000070b800000, 0x000000070b800000| Untracked 
| 171|0x000000070b900000, 0x000000070b900000, 0x000000070ba00000|  0%| F|  |TAMS 0x000000070b900000, 0x000000070b900000| Untracked 
| 172|0x000000070ba00000, 0x000000070ba00000, 0x000000070bb00000|  0%| F|  |TAMS 0x000000070ba00000, 0x000000070ba00000| Untracked 
| 173|0x000000070bb00000, 0x000000070bb00000, 0x000000070bc00000|  0%| F|  |TAMS 0x000000070bb00000, 0x000000070bb00000| Untracked 
| 174|0x000000070bc00000, 0x000000070bc00000, 0x000000070bd00000|  0%| F|  |TAMS 0x000000070bc00000, 0x000000070bc00000| Untracked 
| 175|0x000000070bd00000, 0x000000070bd00000, 0x000000070be00000|  0%| F|  |TAMS 0x000000070bd00000, 0x000000070bd00000| Untracked 
| 176|0x000000070be00000, 0x000000070be00000, 0x000000070bf00000|  0%| F|  |TAMS 0x000000070be00000, 0x000000070be00000| Untracked 
| 177|0x000000070bf00000, 0x000000070bf00000, 0x000000070c000000|  0%| F|  |TAMS 0x000000070bf00000, 0x000000070bf00000| Untracked 
| 178|0x000000070c000000, 0x000000070c000000, 0x000000070c100000|  0%| F|  |TAMS 0x000000070c000000, 0x000000070c000000| Untracked 
| 179|0x000000070c100000, 0x000000070c100000, 0x000000070c200000|  0%| F|  |TAMS 0x000000070c100000, 0x000000070c100000| Untracked 
| 180|0x000000070c200000, 0x000000070c200000, 0x000000070c300000|  0%| F|  |TAMS 0x000000070c200000, 0x000000070c200000| Untracked 
| 181|0x000000070c300000, 0x000000070c300000, 0x000000070c400000|  0%| F|  |TAMS 0x000000070c300000, 0x000000070c300000| Untracked 
| 182|0x000000070c400000, 0x000000070c400000, 0x000000070c500000|  0%| F|  |TAMS 0x000000070c400000, 0x000000070c400000| Untracked 
| 183|0x000000070c500000, 0x000000070c500000, 0x000000070c600000|  0%| F|  |TAMS 0x000000070c500000, 0x000000070c500000| Untracked 
| 184|0x000000070c600000, 0x000000070c600000, 0x000000070c700000|  0%| F|  |TAMS 0x000000070c600000, 0x000000070c600000| Untracked 
| 185|0x000000070c700000, 0x000000070c700000, 0x000000070c800000|  0%| F|  |TAMS 0x000000070c700000, 0x000000070c700000| Untracked 
| 186|0x000000070c800000, 0x000000070c800000, 0x000000070c900000|  0%| F|  |TAMS 0x000000070c800000, 0x000000070c800000| Untracked 
| 187|0x000000070c900000, 0x000000070c900000, 0x000000070ca00000|  0%| F|  |TAMS 0x000000070c900000, 0x000000070c900000| Untracked 
| 188|0x000000070ca00000, 0x000000070ca00000, 0x000000070cb00000|  0%| F|  |TAMS 0x000000070ca00000, 0x000000070ca00000| Untracked 
| 189|0x000000070cb00000, 0x000000070cb00000, 0x000000070cc00000|  0%| F|  |TAMS 0x000000070cb00000, 0x000000070cb00000| Untracked 
| 190|0x000000070cc00000, 0x000000070cc00000, 0x000000070cd00000|  0%| F|  |TAMS 0x000000070cc00000, 0x000000070cc00000| Untracked 
| 191|0x000000070cd00000, 0x000000070cd00000, 0x000000070ce00000|  0%| F|  |TAMS 0x000000070cd00000, 0x000000070cd00000| Untracked 
| 192|0x000000070ce00000, 0x000000070ce00000, 0x000000070cf00000|  0%| F|  |TAMS 0x000000070ce00000, 0x000000070ce00000| Untracked 
| 193|0x000000070cf00000, 0x000000070cf00000, 0x000000070d000000|  0%| F|  |TAMS 0x000000070cf00000, 0x000000070cf00000| Untracked 
| 194|0x000000070d000000, 0x000000070d000000, 0x000000070d100000|  0%| F|  |TAMS 0x000000070d000000, 0x000000070d000000| Untracked 
| 195|0x000000070d100000, 0x000000070d100000, 0x000000070d200000|  0%| F|  |TAMS 0x000000070d100000, 0x000000070d100000| Untracked 
| 196|0x000000070d200000, 0x000000070d200000, 0x000000070d300000|  0%| F|  |TAMS 0x000000070d200000, 0x000000070d200000| Untracked 
| 197|0x000000070d300000, 0x000000070d300000, 0x000000070d400000|  0%| F|  |TAMS 0x000000070d300000, 0x000000070d300000| Untracked 
| 198|0x000000070d400000, 0x000000070d400000, 0x000000070d500000|  0%| F|  |TAMS 0x000000070d400000, 0x000000070d400000| Untracked 
| 199|0x000000070d500000, 0x000000070d500000, 0x000000070d600000|  0%| F|  |TAMS 0x000000070d500000, 0x000000070d500000| Untracked 
| 200|0x000000070d600000, 0x000000070d600000, 0x000000070d700000|  0%| F|  |TAMS 0x000000070d600000, 0x000000070d600000| Untracked 
| 201|0x000000070d700000, 0x000000070d700000, 0x000000070d800000|  0%| F|  |TAMS 0x000000070d700000, 0x000000070d700000| Untracked 
| 202|0x000000070d800000, 0x000000070d800000, 0x000000070d900000|  0%| F|  |TAMS 0x000000070d800000, 0x000000070d800000| Untracked 
| 203|0x000000070d900000, 0x000000070d900000, 0x000000070da00000|  0%| F|  |TAMS 0x000000070d900000, 0x000000070d900000| Untracked 
| 204|0x000000070da00000, 0x000000070da00000, 0x000000070db00000|  0%| F|  |TAMS 0x000000070da00000, 0x000000070da00000| Untracked 
| 205|0x000000070db00000, 0x000000070db00000, 0x000000070dc00000|  0%| F|  |TAMS 0x000000070db00000, 0x000000070db00000| Untracked 
| 206|0x000000070dc00000, 0x000000070dc00000, 0x000000070dd00000|  0%| F|  |TAMS 0x000000070dc00000, 0x000000070dc00000| Untracked 
| 207|0x000000070dd00000, 0x000000070dd00000, 0x000000070de00000|  0%| F|  |TAMS 0x000000070dd00000, 0x000000070dd00000| Untracked 
| 208|0x000000070de00000, 0x000000070de00000, 0x000000070df00000|  0%| F|  |TAMS 0x000000070de00000, 0x000000070de00000| Untracked 
| 209|0x000000070df00000, 0x000000070df00000, 0x000000070e000000|  0%| F|  |TAMS 0x000000070df00000, 0x000000070df00000| Untracked 
| 210|0x000000070e000000, 0x000000070e000000, 0x000000070e100000|  0%| F|  |TAMS 0x000000070e000000, 0x000000070e000000| Untracked 
| 211|0x000000070e100000, 0x000000070e100000, 0x000000070e200000|  0%| F|  |TAMS 0x000000070e100000, 0x000000070e100000| Untracked 
| 212|0x000000070e200000, 0x000000070e200000, 0x000000070e300000|  0%| F|  |TAMS 0x000000070e200000, 0x000000070e200000| Untracked 
| 213|0x000000070e300000, 0x000000070e300000, 0x000000070e400000|  0%| F|  |TAMS 0x000000070e300000, 0x000000070e300000| Untracked 
| 214|0x000000070e400000, 0x000000070e400000, 0x000000070e500000|  0%| F|  |TAMS 0x000000070e400000, 0x000000070e400000| Untracked 
| 215|0x000000070e500000, 0x000000070e500000, 0x000000070e600000|  0%| F|  |TAMS 0x000000070e500000, 0x000000070e500000| Untracked 
| 216|0x000000070e600000, 0x000000070e600000, 0x000000070e700000|  0%| F|  |TAMS 0x000000070e600000, 0x000000070e600000| Untracked 
| 217|0x000000070e700000, 0x000000070e700000, 0x000000070e800000|  0%| F|  |TAMS 0x000000070e700000, 0x000000070e700000| Untracked 
| 218|0x000000070e800000, 0x000000070e800000, 0x000000070e900000|  0%| F|  |TAMS 0x000000070e800000, 0x000000070e800000| Untracked 
| 219|0x000000070e900000, 0x000000070e900000, 0x000000070ea00000|  0%| F|  |TAMS 0x000000070e900000, 0x000000070e900000| Untracked 
| 220|0x000000070ea00000, 0x000000070ea00000, 0x000000070eb00000|  0%| F|  |TAMS 0x000000070ea00000, 0x000000070ea00000| Untracked 
| 221|0x000000070eb00000, 0x000000070eb00000, 0x000000070ec00000|  0%| F|  |TAMS 0x000000070eb00000, 0x000000070eb00000| Untracked 
| 222|0x000000070ec00000, 0x000000070ec00000, 0x000000070ed00000|  0%| F|  |TAMS 0x000000070ec00000, 0x000000070ec00000| Untracked 
| 223|0x000000070ed00000, 0x000000070ed00000, 0x000000070ee00000|  0%| F|  |TAMS 0x000000070ed00000, 0x000000070ed00000| Untracked 
| 224|0x000000070ee00000, 0x000000070ee00000, 0x000000070ef00000|  0%| F|  |TAMS 0x000000070ee00000, 0x000000070ee00000| Untracked 
| 225|0x000000070ef00000, 0x000000070ef00000, 0x000000070f000000|  0%| F|  |TAMS 0x000000070ef00000, 0x000000070ef00000| Untracked 
| 226|0x000000070f000000, 0x000000070f000000, 0x000000070f100000|  0%| F|  |TAMS 0x000000070f000000, 0x000000070f000000| Untracked 
| 227|0x000000070f100000, 0x000000070f100000, 0x000000070f200000|  0%| F|  |TAMS 0x000000070f100000, 0x000000070f100000| Untracked 
| 228|0x000000070f200000, 0x000000070f200000, 0x000000070f300000|  0%| F|  |TAMS 0x000000070f200000, 0x000000070f200000| Untracked 
| 229|0x000000070f300000, 0x000000070f300000, 0x000000070f400000|  0%| F|  |TAMS 0x000000070f300000, 0x000000070f300000| Untracked 
| 230|0x000000070f400000, 0x000000070f400000, 0x000000070f500000|  0%| F|  |TAMS 0x000000070f400000, 0x000000070f400000| Untracked 
| 231|0x000000070f500000, 0x000000070f500000, 0x000000070f600000|  0%| F|  |TAMS 0x000000070f500000, 0x000000070f500000| Untracked 
| 232|0x000000070f600000, 0x000000070f600000, 0x000000070f700000|  0%| F|  |TAMS 0x000000070f600000, 0x000000070f600000| Untracked 
| 233|0x000000070f700000, 0x000000070f700000, 0x000000070f800000|  0%| F|  |TAMS 0x000000070f700000, 0x000000070f700000| Untracked 
| 234|0x000000070f800000, 0x000000070f800000, 0x000000070f900000|  0%| F|  |TAMS 0x000000070f800000, 0x000000070f800000| Untracked 
| 235|0x000000070f900000, 0x000000070f900000, 0x000000070fa00000|  0%| F|  |TAMS 0x000000070f900000, 0x000000070f900000| Untracked 
| 236|0x000000070fa00000, 0x000000070fa00000, 0x000000070fb00000|  0%| F|  |TAMS 0x000000070fa00000, 0x000000070fa00000| Untracked 
| 237|0x000000070fb00000, 0x000000070fb00000, 0x000000070fc00000|  0%| F|  |TAMS 0x000000070fb00000, 0x000000070fb00000| Untracked 
| 238|0x000000070fc00000, 0x000000070fc00000, 0x000000070fd00000|  0%| F|  |TAMS 0x000000070fc00000, 0x000000070fc00000| Untracked 
| 239|0x000000070fd00000, 0x000000070fd00000, 0x000000070fe00000|  0%| F|  |TAMS 0x000000070fd00000, 0x000000070fd00000| Untracked 
| 240|0x000000070fe00000, 0x000000070fe00000, 0x000000070ff00000|  0%| F|  |TAMS 0x000000070fe00000, 0x000000070fe00000| Untracked 
| 241|0x000000070ff00000, 0x000000070ff00000, 0x0000000710000000|  0%| F|  |TAMS 0x000000070ff00000, 0x000000070ff00000| Untracked 
| 242|0x0000000710000000, 0x0000000710000000, 0x0000000710100000|  0%| F|  |TAMS 0x0000000710000000, 0x0000000710000000| Untracked 
| 243|0x0000000710100000, 0x0000000710100000, 0x0000000710200000|  0%| F|  |TAMS 0x0000000710100000, 0x0000000710100000| Untracked 
| 244|0x0000000710200000, 0x0000000710200000, 0x0000000710300000|  0%| F|  |TAMS 0x0000000710200000, 0x0000000710200000| Untracked 
| 245|0x0000000710300000, 0x0000000710300000, 0x0000000710400000|  0%| F|  |TAMS 0x0000000710300000, 0x0000000710300000| Untracked 
| 246|0x0000000710400000, 0x0000000710400000, 0x0000000710500000|  0%| F|  |TAMS 0x0000000710400000, 0x0000000710400000| Untracked 
| 247|0x0000000710500000, 0x00000007105f01b0, 0x0000000710600000| 93%| S|CS|TAMS 0x0000000710500000, 0x0000000710500000| Complete 
| 248|0x0000000710600000, 0x0000000710600000, 0x0000000710700000|  0%| F|  |TAMS 0x0000000710600000, 0x0000000710600000| Untracked 
| 249|0x0000000710700000, 0x0000000710700000, 0x0000000710800000|  0%| F|  |TAMS 0x0000000710700000, 0x0000000710700000| Untracked 
| 250|0x0000000710800000, 0x0000000710824588, 0x0000000710900000| 14%| E|  |TAMS 0x0000000710800000, 0x0000000710800000| Complete 
| 251|0x0000000710900000, 0x0000000710a00000, 0x0000000710a00000|100%| E|CS|TAMS 0x0000000710900000, 0x0000000710900000| Complete 
| 252|0x0000000710a00000, 0x0000000710b00000, 0x0000000710b00000|100%| E|CS|TAMS 0x0000000710a00000, 0x0000000710a00000| Complete 
| 253|0x0000000710b00000, 0x0000000710c00000, 0x0000000710c00000|100%| E|CS|TAMS 0x0000000710b00000, 0x0000000710b00000| Complete 
| 254|0x0000000710c00000, 0x0000000710d00000, 0x0000000710d00000|100%| E|CS|TAMS 0x0000000710c00000, 0x0000000710c00000| Complete 
| 255|0x0000000710d00000, 0x0000000710e00000, 0x0000000710e00000|100%| E|CS|TAMS 0x0000000710d00000, 0x0000000710d00000| Complete 

Card table byte_map: [0x0000024a500b0000,0x0000024a508b0000] _byte_map_base: 0x0000024a4c8a9000

Marking Bits (Prev, Next): (CMBitMap*) 0x0000024a36496f98, (CMBitMap*) 0x0000024a36496fd8
 Prev Bits: [0x0000024a510b0000, 0x0000024a55078000)
 Next Bits: [0x0000024a55080000, 0x0000024a59048000)

Polling page: 0x0000024a361e0000

Metaspace:

Usage:
  Non-class:      8.73 MB capacity,     8.60 MB ( 98%) used,   113.16 KB (  1%) free+waste,    22.38 KB ( <1%) overhead. 
      Class:      1.13 MB capacity,     1.02 MB ( 90%) used,   105.45 KB (  9%) free+waste,    13.69 KB (  1%) overhead. 
       Both:      9.87 MB capacity,     9.62 MB ( 97%) used,   218.60 KB (  2%) free+waste,    36.06 KB ( <1%) overhead. 

Virtual space:
  Non-class space:       10.00 MB reserved,       8.75 MB ( 88%) committed 
      Class space:        1.00 GB reserved,       1.25 MB ( <1%) committed 
             Both:        1.01 GB reserved,      10.00 MB ( <1%) committed 

Chunk freelists:
   Non-Class:  16.00 KB
       Class:  22.00 KB
        Both:  38.00 KB

MaxMetaspaceSize: 17179869184.00 GB
CompressedClassSpaceSize: 1.00 GB

CodeHeap 'non-profiled nmethods': size=120064Kb used=537Kb max_used=537Kb free=119527Kb
 bounds [0x0000024a47c00000, 0x0000024a47e70000, 0x0000024a4f140000]
CodeHeap 'profiled nmethods': size=120000Kb used=2572Kb max_used=2572Kb free=117428Kb
 bounds [0x0000024a406d0000, 0x0000024a40960000, 0x0000024a47c00000]
CodeHeap 'non-nmethods': size=5696Kb used=1289Kb max_used=1304Kb free=4406Kb
 bounds [0x0000024a40140000, 0x0000024a403b0000, 0x0000024a406d0000]
 total_blobs=2417 nmethods=1282 adapters=484
 compilation: enabled
              stopped_count=0, restarted_count=0
 full_count=0

Compilation events (20 events):
Event: 2.218 Thread 0x0000024a5b70e000 1270       4       java.awt.Rectangle::<init> (26 bytes)
Event: 2.218 Thread 0x0000024a5b71c800 1271       3       sun.java2d.pipe.RenderQueue::unlock (4 bytes)
Event: 2.218 Thread 0x0000024a5b70e000 nmethod 1270 0x0000024a47c85090 code [0x0000024a47c85220, 0x0000024a47c85298]
Event: 2.218 Thread 0x0000024a5b71c800 nmethod 1271 0x0000024a4094f990 code [0x0000024a4094fb60, 0x0000024a4094fe90]
Event: 2.218 Thread 0x0000024a5b71c800 1272       3       sun.awt.SunToolkit::awtUnlock (7 bytes)
Event: 2.218 Thread 0x0000024a5b71c800 nmethod 1272 0x0000024a40950010 code [0x0000024a409501c0, 0x0000024a40950450]
Event: 2.284 Thread 0x0000024a5b71c800 1274       3       java.awt.Component::getBounds (5 bytes)
Event: 2.284 Thread 0x0000024a5b71c800 nmethod 1274 0x0000024a40950590 code [0x0000024a40950760, 0x0000024a40950bd8]
Event: 2.284 Thread 0x0000024a5b71c800 1275       3       java.awt.Component::bounds (24 bytes)
Event: 2.284 Thread 0x0000024a5b71c800 nmethod 1275 0x0000024a40950d90 code [0x0000024a40950f60, 0x0000024a409512f8]
Event: 2.285 Thread 0x0000024a5b71c800 1276       3       sun.java2d.pipe.RenderQueue::ensureCapacity (16 bytes)
Event: 2.285 Thread 0x0000024a5b71c800 nmethod 1276 0x0000024a40951410 code [0x0000024a409515c0, 0x0000024a409518b0]
Event: 2.286 Thread 0x0000024a5b71c800 1277       3       sun.java2d.pipe.RenderBuffer::remaining (11 bytes)
Event: 2.286 Thread 0x0000024a5b71c800 nmethod 1277 0x0000024a40951990 code [0x0000024a40951b20, 0x0000024a40951cb8]
Event: 2.312 Thread 0x0000024a5b71c800 1280       3       sun.awt.windows.WComponentPeer::getBounds (11 bytes)
Event: 2.312 Thread 0x0000024a5b71c800 nmethod 1280 0x0000024a40951d90 code [0x0000024a40951f60, 0x0000024a409525d8]
Event: 2.336 Thread 0x0000024a5b71c800 1282       3       sun.java2d.pipe.RenderBuffer::clear (9 bytes)
Event: 2.336 Thread 0x0000024a5b71c800 nmethod 1282 0x0000024a40952790 code [0x0000024a40952920, 0x0000024a40952a98]
Event: 2.336 Thread 0x0000024a5b71c800 1283       3       java.util.HashSet::clear (8 bytes)
Event: 2.336 Thread 0x0000024a5b71c800 nmethod 1283 0x0000024a40952b10 code [0x0000024a40952cc0, 0x0000024a40952f10]

GC Heap History (6 events):
Event: 0.826 GC heap before
{Heap before GC invocations=0 (full 0):
 garbage-first heap   total 262144K, used 18432K [0x0000000700e00000, 0x0000000800000000)
  region size 1024K, 14 young (14336K), 0 survivors (0K)
 Metaspace       used 8998K, capacity 9252K, committed 9344K, reserved 1056768K
  class space    used 977K, capacity 1092K, committed 1152K, reserved 1048576K
}
Event: 0.831 GC heap after
{Heap after GC invocations=1 (full 0):
 garbage-first heap   total 262144K, used 8571K [0x0000000700e00000, 0x0000000800000000)
  region size 1024K, 2 young (2048K), 2 survivors (2048K)
 Metaspace       used 8998K, capacity 9252K, committed 9344K, reserved 1056768K
  class space    used 977K, capacity 1092K, committed 1152K, reserved 1048576K
}
Event: 0.902 GC heap before
{Heap before GC invocations=1 (full 0):
 garbage-first heap   total 262144K, used 33147K [0x0000000700e00000, 0x0000000800000000)
  region size 1024K, 26 young (26624K), 2 survivors (2048K)
 Metaspace       used 9077K, capacity 9316K, committed 9600K, reserved 1058816K
  class space    used 979K, capacity 1092K, committed 1152K, reserved 1048576K
}
Event: 0.907 GC heap after
{Heap after GC invocations=2 (full 0):
 garbage-first heap   total 262144K, used 10153K [0x0000000700e00000, 0x0000000800000000)
  region size 1024K, 4 young (4096K), 4 survivors (4096K)
 Metaspace       used 9077K, capacity 9316K, committed 9600K, reserved 1058816K
  class space    used 979K, capacity 1092K, committed 1152K, reserved 1048576K
}
Event: 1.412 GC heap before
{Heap before GC invocations=2 (full 0):
 garbage-first heap   total 262144K, used 18345K [0x0000000700e00000, 0x0000000800000000)
  region size 1024K, 12 young (12288K), 4 survivors (4096K)
 Metaspace       used 9642K, capacity 9914K, committed 10240K, reserved 1058816K
  class space    used 1041K, capacity 1162K, committed 1280K, reserved 1048576K
}
Event: 1.415 GC heap after
{Heap after GC invocations=3 (full 0):
 garbage-first heap   total 262144K, used 10289K [0x0000000700e00000, 0x0000000800000000)
  region size 1024K, 1 young (1024K), 1 survivors (1024K)
 Metaspace       used 9642K, capacity 9914K, committed 10240K, reserved 1058816K
  class space    used 1041K, capacity 1162K, committed 1280K, reserved 1048576K
}

Deoptimization events (20 events):
Event: 0.916 Thread 0x0000024a5cbfa000 DEOPT PACKING pc=0x0000024a47c44d08 sp=0x000000cf0839eab0
Event: 0.916 Thread 0x0000024a5cbfa000 DEOPT UNPACKING pc=0x0000024a4018912f sp=0x000000cf0839ea50 mode 2
Event: 0.916 Thread 0x0000024a5cbfa000 Uncommon trap: trap_request=0xffffff45 fr.pc=0x0000024a47c3b3b4 relative=0x00000000000004f4
Event: 0.916 Thread 0x0000024a5cbfa000 Uncommon trap: reason=unstable_if action=reinterpret pc=0x0000024a47c3b3b4 method=sun.awt.image.ByteComponentRaster.verify()V @ 188 c2
Event: 0.916 Thread 0x0000024a5cbfa000 DEOPT PACKING pc=0x0000024a47c3b3b4 sp=0x000000cf0839e6a0
Event: 0.916 Thread 0x0000024a5cbfa000 DEOPT UNPACKING pc=0x0000024a4018912f sp=0x000000cf0839e618 mode 2
Event: 0.926 Thread 0x0000024a5cbfa000 Uncommon trap: trap_request=0xffffffde fr.pc=0x0000024a47c44d08 relative=0x0000000000000b48
Event: 0.926 Thread 0x0000024a5cbfa000 Uncommon trap: reason=class_check action=maybe_recompile pc=0x0000024a47c44d08 method=java.awt.image.BufferedImage.<init>(Ljava/awt/image/ColorModel;Ljava/awt/image/WritableRaster;ZLjava/util/Hashtable;)V @ 11 c2
Event: 0.926 Thread 0x0000024a5cbfa000 DEOPT PACKING pc=0x0000024a47c44d08 sp=0x000000cf0839ed90
Event: 0.926 Thread 0x0000024a5cbfa000 DEOPT UNPACKING pc=0x0000024a4018912f sp=0x000000cf0839ed08 mode 2
Event: 0.926 Thread 0x0000024a5cbfa000 Uncommon trap: trap_request=0xffffffde fr.pc=0x0000024a47c44d08 relative=0x0000000000000b48
Event: 0.926 Thread 0x0000024a5cbfa000 Uncommon trap: reason=class_check action=maybe_recompile pc=0x0000024a47c44d08 method=java.awt.image.BufferedImage.<init>(Ljava/awt/image/ColorModel;Ljava/awt/image/WritableRaster;ZLjava/util/Hashtable;)V @ 11 c2
Event: 0.926 Thread 0x0000024a5cbfa000 DEOPT PACKING pc=0x0000024a47c44d08 sp=0x000000cf0839ed90
Event: 0.926 Thread 0x0000024a5cbfa000 DEOPT UNPACKING pc=0x0000024a4018912f sp=0x000000cf0839ed08 mode 2
Event: 0.926 Thread 0x0000024a5cbfa000 Uncommon trap: trap_request=0xffffffde fr.pc=0x0000024a47c44d08 relative=0x0000000000000b48
Event: 0.926 Thread 0x0000024a5cbfa000 Uncommon trap: reason=class_check action=maybe_recompile pc=0x0000024a47c44d08 method=java.awt.image.BufferedImage.<init>(Ljava/awt/image/ColorModel;Ljava/awt/image/WritableRaster;ZLjava/util/Hashtable;)V @ 11 c2
Event: 0.926 Thread 0x0000024a5cbfa000 DEOPT PACKING pc=0x0000024a47c44d08 sp=0x000000cf0839ed90
Event: 0.926 Thread 0x0000024a5cbfa000 DEOPT UNPACKING pc=0x0000024a4018912f sp=0x000000cf0839ed08 mode 2
Event: 0.989 Thread 0x0000024a5cbfa000 DEOPT PACKING pc=0x0000024a4087d108 sp=0x000000cf0839e690
Event: 0.989 Thread 0x0000024a5cbfa000 DEOPT UNPACKING pc=0x0000024a4018964e sp=0x000000cf0839db70 mode 0

Classes unloaded (0 events):
No events

Classes redefined (0 events):
No events

Internal exceptions (14 events):
Event: 0.129 Thread 0x0000024a3642b800 Exception <a 'java/lang/ClassNotFoundException'{0x0000000710c28a58}: sun/awt/resources/spi/awtProvider> (0x0000000710c28a58) 
thrown [t:/workspace/open/src/hotspot/share/classfile/systemDictionary.cpp, line 232]
Event: 0.167 Thread 0x0000024a3642b800 Exception <a 'java/io/FileNotFoundException'{0x0000000710cc53b8}> (0x0000000710cc53b8) 
thrown [t:/workspace/open/src/hotspot/share/prims/jni.cpp, line 598]
Event: 0.182 Thread 0x0000024a3642b800 Exception <a 'java/io/FileNotFoundException'{0x0000000710cebc00}> (0x0000000710cebc00) 
thrown [t:/workspace/open/src/hotspot/share/prims/jni.cpp, line 598]
Event: 0.304 Thread 0x0000024a5c31e000 Exception <a 'java/lang/NoSuchMethodError'{0x0000000710b4d1e0}: 'void java.lang.invoke.DirectMethodHandle$Holder.invokeSpecial(java.lang.Object, java.lang.Object)'> (0x0000000710b4d1e0) 
thrown [t:/workspace/open/src/hotspot/share/interpreter/linkResolver.cpp, line 767]
Event: 0.519 Thread 0x0000024a3642b800 Exception <a 'java/lang/NoSuchMethodError'{0x0000000710be8d38}: 'java.lang.Object java.lang.invoke.DirectMethodHandle$Holder.invokeStatic(java.lang.Object, int, java.lang.Object, java.lang.Object, java.lang.Object, java.lang.Object)'> (0x0000000710be8d38) 
thrown [t:/workspace/open/src/hotspot/share/interpreter/linkResolver.cpp, line 767]
Event: 0.519 Thread 0x0000024a3642b800 Exception <a 'java/lang/NoSuchMethodError'{0x0000000710bef698}: 'java.lang.Object java.lang.invoke.DirectMethodHandle$Holder.invokeStatic(java.lang.Object, int, java.lang.Object, java.lang.Object, java.lang.Object)'> (0x0000000710bef698) 
thrown [t:/workspace/open/src/hotspot/share/interpreter/linkResolver.cpp, line 767]
Event: 0.520 Thread 0x0000024a3642b800 Exception <a 'java/lang/NoSuchMethodError'{0x0000000710bf2f00}: 'java.lang.Object java.lang.invoke.DirectMethodHandle$Holder.invokeSpecial(java.lang.Object, java.lang.Object, int, java.lang.Object, java.lang.Object, java.lang.Object)'> (0x0000000710bf2f00) 
thrown [t:/workspace/open/src/hotspot/share/interpreter/linkResolver.cpp, line 767]
Event: 0.522 Thread 0x0000024a3642b800 Exception <a 'java/lang/NoSuchMethodError'{0x0000000710a099d0}: 'java.lang.Object java.lang.invoke.DirectMethodHandle$Holder.invokeStatic(java.lang.Object, int, java.lang.Object)'> (0x0000000710a099d0) 
thrown [t:/workspace/open/src/hotspot/share/interpreter/linkResolver.cpp, line 767]
Event: 0.542 Thread 0x0000024a3642b800 Exception <a 'java/lang/ClassNotFoundException'{0x0000000710aacef0}: com/sun/swing/internal/plaf/metal/resources/spi/metalProvider> (0x0000000710aacef0) 
thrown [t:/workspace/open/src/hotspot/share/classfile/systemDictionary.cpp, line 232]
Event: 0.543 Thread 0x0000024a3642b800 Exception <a 'java/lang/ClassNotFoundException'{0x0000000710ab11b8}: com/sun/swing/internal/plaf/basic/resources/spi/basicProvider> (0x0000000710ab11b8) 
thrown [t:/workspace/open/src/hotspot/share/classfile/systemDictionary.cpp, line 232]
Event: 0.566 Thread 0x0000024a3642b800 Exception <a 'java/lang/NoSuchMethodError'{0x0000000710aee5c8}: 'void java.lang.invoke.DirectMethodHandle$Holder.invokeStaticInit(java.lang.Object)'> (0x0000000710aee5c8) 
thrown [t:/workspace/open/src/hotspot/share/interpreter/linkResolver.cpp, line 767]
Event: 0.591 Thread 0x0000024a3642b800 Exception <a 'java/lang/NoSuchMethodError'{0x0000000710944988}: 'java.lang.Object java.lang.invoke.Invokers$Holder.linkToTargetMethod(java.lang.Object, int, java.lang.Object)'> (0x0000000710944988) 
thrown [t:/workspace/open/src/hotspot/share/interpreter/linkResolver.cpp, line 767]
Event: 0.657 Thread 0x0000024a5cbfa000 Exception <a 'java/lang/NoSuchMethodError'{0x0000000710725b98}: 'java.lang.Object java.lang.invoke.DirectMethodHandle$Holder.invokeStaticInit(java.lang.Object, int, int, int, int)'> (0x0000000710725b98) 
thrown [t:/workspace/open/src/hotspot/share/interpreter/linkResolver.cpp, line 767]
Event: 0.750 Thread 0x0000024a5cbfa000 Exception <a 'java/lang/NoSuchMethodError'{0x0000000710743688}: 'java.lang.Object java.lang.invoke.DirectMethodHandle$Holder.invokeStaticInit(java.lang.Object, java.lang.Object, int, int, int, int)'> (0x0000000710743688) 
thrown [t:/workspace/open/src/hotspot/share/interpreter/linkResolver.cpp, line 767]

Events (20 events):
Event: 2.298 Loaded shared library C:\Program Files\Java\jdk-13.0.1\bin\java.dll
Event: 2.299 Loaded shared library C:\Program Files\Java\jdk-13.0.1\bin\java.dll
Event: 2.300 Loaded shared library C:\Program Files\Java\jdk-13.0.1\bin\java.dll
Event: 2.302 Loaded shared library C:\Program Files\Java\jdk-13.0.1\bin\java.dll
Event: 2.303 Loaded shared library C:\Program Files\Java\jdk-13.0.1\bin\java.dll
Event: 2.305 Loaded shared library C:\Program Files\Java\jdk-13.0.1\bin\java.dll
Event: 2.334 Executing VM operation: RevokeBias
Event: 2.334 Executing VM operation: RevokeBias done
Event: 2.335 Thread 0x0000024a66603800 Thread added: 0x0000024a66603800
Event: 2.335 Thread 0x0000024a665e7800 Thread added: 0x0000024a665e7800
Event: 2.335 Thread 0x0000024a665e8800 Thread added: 0x0000024a665e8800
Event: 2.335 loading class java/util/WeakHashMap$KeyIterator
Event: 2.335 loading class java/util/WeakHashMap$HashIterator
Event: 2.335 loading class java/util/WeakHashMap$HashIterator done
Event: 2.335 loading class java/util/WeakHashMap$KeyIterator done
Event: 2.335 Thread 0x0000024a66603800 Thread exited: 0x0000024a66603800
Event: 2.336 Thread 0x0000024a665e8800 Thread exited: 0x0000024a665e8800
Event: 2.336 Executing VM operation: RevokeBias
Event: 2.336 Executing VM operation: RevokeBias done
Event: 2.336 Thread 0x0000024a663cf000 Thread exited: 0x0000024a663cf000


Dynamic libraries:
0x00007ff64b970000 - 0x00007ff64b97f000 	C:\Program Files\Java\jdk-13.0.1\bin\java.exe
0x00007ff945ba0000 - 0x00007ff945d90000 	C:\WINDOWS\SYSTEM32\ntdll.dll
0x00007ff944cc0000 - 0x00007ff944d72000 	C:\WINDOWS\System32\KERNEL32.DLL
0x00007ff943600000 - 0x00007ff9438a3000 	C:\WINDOWS\System32\KERNELBASE.dll
0x00007ff942bb0000 - 0x00007ff942caa000 	C:\WINDOWS\System32\ucrtbase.dll
0x00007ff93eda0000 - 0x00007ff93edb8000 	C:\Program Files\Java\jdk-13.0.1\bin\jli.dll
0x00007ff944930000 - 0x00007ff9449d3000 	C:\WINDOWS\System32\ADVAPI32.dll
0x00007ff943d10000 - 0x00007ff943dae000 	C:\WINDOWS\System32\msvcrt.dll
0x00007ff944c20000 - 0x00007ff944cb7000 	C:\WINDOWS\System32\sechost.dll
0x00007ff945070000 - 0x00007ff945190000 	C:\WINDOWS\System32\RPCRT4.dll
0x00007ff945190000 - 0x00007ff945324000 	C:\WINDOWS\System32\USER32.dll
0x00007ff942b80000 - 0x00007ff942ba1000 	C:\WINDOWS\System32\win32u.dll
0x00007ff944fd0000 - 0x00007ff944ff6000 	C:\WINDOWS\System32\GDI32.dll
0x00007ff943460000 - 0x00007ff9435f4000 	C:\WINDOWS\System32\gdi32full.dll
0x00007ff943b30000 - 0x00007ff943bce000 	C:\WINDOWS\System32\msvcp_win.dll
0x00007ff93ed70000 - 0x00007ff93ed85000 	C:\Program Files\Java\jdk-13.0.1\bin\VCRUNTIME140.dll
0x00007ff9343a0000 - 0x00007ff934625000 	C:\WINDOWS\WinSxS\amd64_microsoft.windows.common-controls_6595b64144ccf1df_6.0.18362.418_none_e6c6b287130d565d\COMCTL32.dll
0x00007ff9445f0000 - 0x00007ff944926000 	C:\WINDOWS\System32\combase.dll
0x00007ff943bd0000 - 0x00007ff943c50000 	C:\WINDOWS\System32\bcryptPrimitives.dll
0x00007ff93c510000 - 0x00007ff93c51a000 	C:\WINDOWS\SYSTEM32\VERSION.dll
0x00007ff9457a0000 - 0x00007ff9457ce000 	C:\WINDOWS\System32\IMM32.DLL
0x00007ff914e00000 - 0x00007ff914e9b000 	C:\Program Files\Java\jdk-13.0.1\bin\msvcp140.dll
0x00007ff8f0170000 - 0x00007ff8f0cd6000 	C:\Program Files\Java\jdk-13.0.1\bin\server\jvm.dll
0x00007ff944be0000 - 0x00007ff944be8000 	C:\WINDOWS\System32\PSAPI.DLL
0x00007ff93ecb0000 - 0x00007ff93ecb9000 	C:\WINDOWS\SYSTEM32\WSOCK32.dll
0x00007ff9444a0000 - 0x00007ff94450f000 	C:\WINDOWS\System32\WS2_32.dll
0x00007ff93f310000 - 0x00007ff93f334000 	C:\WINDOWS\SYSTEM32\WINMM.dll
0x00007ff93f2e0000 - 0x00007ff93f30d000 	C:\WINDOWS\SYSTEM32\WINMMBASE.dll
0x00007ff942b30000 - 0x00007ff942b7a000 	C:\WINDOWS\System32\cfgmgr32.dll
0x00007ff942a80000 - 0x00007ff942a91000 	C:\WINDOWS\System32\kernel.appcore.dll
0x00007ff93ed60000 - 0x00007ff93ed70000 	C:\Program Files\Java\jdk-13.0.1\bin\verify.dll
0x00007ff941300000 - 0x00007ff9414f4000 	C:\WINDOWS\SYSTEM32\DBGHELP.DLL
0x00007ff93fc30000 - 0x00007ff93fc5a000 	C:\WINDOWS\SYSTEM32\dbgcore.DLL
0x00007ff939200000 - 0x00007ff939226000 	C:\Program Files\Java\jdk-13.0.1\bin\java.dll
0x00007ff939270000 - 0x00007ff939287000 	C:\Program Files\Java\jdk-13.0.1\bin\zip.dll
0x00007ff93ed50000 - 0x00007ff93ed5a000 	C:\Program Files\Java\jdk-13.0.1\bin\jimage.dll
0x00007ff943db0000 - 0x00007ff944495000 	C:\WINDOWS\System32\SHELL32.dll
0x00007ff943c50000 - 0x00007ff943cf9000 	C:\WINDOWS\System32\shcore.dll
0x00007ff942cb0000 - 0x00007ff94342f000 	C:\WINDOWS\System32\windows.storage.dll
0x00007ff942b10000 - 0x00007ff942b2f000 	C:\WINDOWS\System32\profapi.dll
0x00007ff942ac0000 - 0x00007ff942b0a000 	C:\WINDOWS\System32\powrprof.dll
0x00007ff942a70000 - 0x00007ff942a80000 	C:\WINDOWS\System32\UMPDC.dll
0x00007ff944b80000 - 0x00007ff944bd2000 	C:\WINDOWS\System32\shlwapi.dll
0x00007ff9439c0000 - 0x00007ff9439d7000 	C:\WINDOWS\System32\cryptsp.dll
0x00007ff939110000 - 0x00007ff939129000 	C:\Program Files\Java\jdk-13.0.1\bin\net.dll
0x00007ff938d60000 - 0x00007ff938e50000 	C:\WINDOWS\SYSTEM32\WINHTTP.dll
0x00007ff9422e0000 - 0x00007ff942347000 	C:\WINDOWS\system32\mswsock.dll
0x00007ff9390f0000 - 0x00007ff939103000 	C:\Program Files\Java\jdk-13.0.1\bin\nio.dll
0x00007ff930ec0000 - 0x00007ff930eda000 	C:\Program Files\JetBrains\IntelliJ IDEA Community Edition 2019.1.3\bin\breakgen64.dll
0x00007ff8fccf0000 - 0x00007ff8fce89000 	C:\Program Files\Java\jdk-13.0.1\bin\awt.dll
0x00007ff944ab0000 - 0x00007ff944b74000 	C:\WINDOWS\System32\OLEAUT32.dll
0x00007ff93f410000 - 0x00007ff93f9d0000 	C:\WINDOWS\SYSTEM32\d2d1.dll
0x00007ff940820000 - 0x00007ff9408af000 	C:\WINDOWS\SYSTEM32\apphelp.dll
0x00007ff940de0000 - 0x00007ff940e0d000 	C:\WINDOWS\system32\DWMAPI.DLL
0x00007ff9408d0000 - 0x00007ff940969000 	C:\WINDOWS\system32\uxtheme.dll
0x00007ff8fe850000 - 0x00007ff8fe9a6000 	C:\WINDOWS\system32\opengl32.dll
0x00007ff92d5f0000 - 0x00007ff92d61c000 	C:\WINDOWS\SYSTEM32\GLU32.dll
0x00007ff9416e0000 - 0x00007ff941700000 	C:\WINDOWS\SYSTEM32\dxcore.dll
0x00007ff944e90000 - 0x00007ff944fc6000 	C:\WINDOWS\System32\MSCTF.dll
0x00007ff9457d0000 - 0x00007ff945926000 	C:\WINDOWS\System32\ole32.dll
0x00007ff9439e0000 - 0x00007ff943b29000 	C:\WINDOWS\System32\crypt32.dll
0x00007ff942aa0000 - 0x00007ff942ab2000 	C:\WINDOWS\System32\MSASN1.dll
0x00007ff9438b0000 - 0x00007ff94390c000 	C:\WINDOWS\System32\WINTRUST.DLL
0x00007ff944bf0000 - 0x00007ff944c0d000 	C:\WINDOWS\System32\imagehlp.dll
0x00007ff941e50000 - 0x00007ff941e83000 	C:\WINDOWS\system32\rsaenh.dll
0x00007ff943430000 - 0x00007ff943456000 	C:\WINDOWS\System32\bcrypt.dll
0x00007ff9424b0000 - 0x00007ff9424bc000 	C:\WINDOWS\SYSTEM32\CRYPTBASE.dll
0x00007ff938160000 - 0x00007ff938224000 	C:\Program Files (x86)\NVIDIA Corporation\3D Vision\nvSCPAPI64.dll
0x00007ff945330000 - 0x00007ff9457a0000 	C:\WINDOWS\System32\SETUPAPI.dll
0x00007ff91c820000 - 0x00007ff91cae6000 	C:\WINDOWS\system32\nvspcap64.dll
0x00007ff941ad0000 - 0x00007ff941b01000 	C:\WINDOWS\SYSTEM32\ntmarta.dll
0x00007ff941690000 - 0x00007ff9416b2000 	C:\WINDOWS\SYSTEM32\gpapi.dll
0x00007ff93bd90000 - 0x00007ff93bdbf000 	C:\WINDOWS\SYSTEM32\cryptnet.dll
0x00007ff8fdd40000 - 0x00007ff8fddc2000 	C:\Program Files\Java\jdk-13.0.1\bin\freetype.dll
0x00007ff8fcfd0000 - 0x00007ff8fd076000 	C:\Program Files\Java\jdk-13.0.1\bin\fontmanager.dll
0x00007ff9385b0000 - 0x00007ff93864e000 	C:\WINDOWS\System32\TextInputFramework.dll
0x00007ff940610000 - 0x00007ff9406e4000 	C:\WINDOWS\System32\CoreMessaging.dll
0x00007ff93e420000 - 0x00007ff93e74a000 	C:\WINDOWS\System32\CoreUIComponents.dll
0x00007ff93e2c0000 - 0x00007ff93e413000 	C:\WINDOWS\SYSTEM32\wintypes.dll
0x00007ff936af0000 - 0x00007ff936d96000 	C:\WINDOWS\System32\iertutil.dll
0x00007ff942960000 - 0x00007ff942985000 	C:\WINDOWS\SYSTEM32\USERENV.dll
0x00007ff941ff0000 - 0x00007ff94202a000 	C:\WINDOWS\SYSTEM32\IPHLPAPI.DLL
0x00007ff943d00000 - 0x00007ff943d08000 	C:\WINDOWS\System32\NSI.dll
0x00007ff93ca30000 - 0x00007ff93ca46000 	C:\WINDOWS\SYSTEM32\dhcpcsvc6.DLL
0x00007ff93ca10000 - 0x00007ff93ca2c000 	C:\WINDOWS\SYSTEM32\dhcpcsvc.DLL
0x00007ff942030000 - 0x00007ff9420fa000 	C:\WINDOWS\SYSTEM32\DNSAPI.dll

dbghelp: loaded successfully - version: 4.0.5 - missing functions: none
symbol engine: initialized successfully - sym options: 0x614 - pdb path: .;C:\Program Files\Java\jdk-13.0.1\bin;C:\WINDOWS\SYSTEM32;C:\WINDOWS\WinSxS\amd64_microsoft.windows.common-controls_6595b64144ccf1df_6.0.18362.418_none_e6c6b287130d565d;C:\Program Files\Java\jdk-13.0.1\bin\server;C:\Program Files\JetBrains\IntelliJ IDEA Community Edition 2019.1.3\bin;C:\WINDOWS\System32\DriverStore\FileRepository\nv_dispi.inf_amd64_e59b844303b9907e;C:\Program Files (x86)\NVIDIA Corporation\3D Vision

VM Arguments:
jvm_args: -Didea.launcher.port=50973 -Didea.launcher.bin.path=C:\Program Files\JetBrains\IntelliJ IDEA Community Edition 2019.1.3\bin -Dfile.encoding=UTF-8 
java_command: com.intellij.rt.execution.application.AppMainV2 com.mikael.game.GameLauncher
java_class_path (initial): C:\Users\Mikael\IdeaProjects\Projekt\Game\out\production\Game;C:\Program Files\JetBrains\IntelliJ IDEA Community Edition 2019.1.3\lib\idea_rt.jar
Launcher Type: SUN_STANDARD

[Global flags]
     intx CICompilerCount                          = 3                                         {product} {ergonomic}
     uint ConcGCThreads                            = 1                                         {product} {ergonomic}
     uint G1ConcRefinementThreads                  = 4                                         {product} {ergonomic}
   size_t G1HeapRegionSize                         = 1048576                                   {product} {ergonomic}
    uintx GCDrainStackTargetSize                   = 64                                        {product} {ergonomic}
   size_t InitialHeapSize                          = 268435456                                 {product} {ergonomic}
   size_t MarkStackSize                            = 4194304                                   {product} {ergonomic}
   size_t MaxHeapSize                              = 4280287232                                {product} {ergonomic}
   size_t MaxNewSize                               = 2567962624                                {product} {ergonomic}
   size_t MinHeapDeltaBytes                        = 1048576                                   {product} {ergonomic}
   size_t MinHeapSize                              = 8388608                                   {product} {ergonomic}
    uintx NonNMethodCodeHeapSize                   = 5830732                                {pd product} {ergonomic}
    uintx NonProfiledCodeHeapSize                  = 122913754                              {pd product} {ergonomic}
    uintx ProfiledCodeHeapSize                     = 122913754                              {pd product} {ergonomic}
    uintx ReservedCodeCacheSize                    = 251658240                              {pd product} {ergonomic}
     bool SegmentedCodeCache                       = true                                      {product} {ergonomic}
   size_t SoftMaxHeapSize                          = 4280287232                             {manageable} {ergonomic}
     bool UseCompressedClassPointers               = true                                 {lp64_product} {ergonomic}
     bool UseCompressedOops                        = true                                 {lp64_product} {ergonomic}
     bool UseG1GC                                  = true                                      {product} {ergonomic}
     bool UseLargePagesIndividualAllocation        = false                                  {pd product} {ergonomic}

Logging:
Log output configuration:
 #0: stdout all=warning uptime,level,tags
 #1: stderr all=off uptime,level,tags

Environment Variables:
PATH=C:\WINDOWS\system32;C:\WINDOWS;C:\WINDOWS\System32\Wbem;C:\WINDOWS\System32\WindowsPowerShell\v1.0\;C:\Users\Mikael\Desktop\Ethereum\Ethereum 0.9.41\bin;C:\WINDOWS\System32\OpenSSH\;C:\Program Files\NVIDIA Corporation\NVIDIA NvDLISR;C:\Program Files (x86)\NVIDIA Corporation\PhysX\Common;C:\Program Files\dotnet\;%SystemRoot%\system32;%SystemRoot%;%SystemRoot%\System32\Wbem;%SYSTEMROOT%\System32\WindowsPowerShell\v1.0\;%SYSTEMROOT%\System32\OpenSSH\;C:\Users\Mikael\AppData\Local\Microsoft\WindowsApps;%USERPROFILE%\AppData\Local\Microsoft\WindowsApps;
USERNAME=Mikael
OS=Windows_NT
PROCESSOR_IDENTIFIER=Intel64 Family 6 Model 94 Stepping 3, GenuineIntel



---------------  S Y S T E M  ---------------

OS: Windows 10 , 64 bit Build 18362 (10.0.18362.329)

CPU:total 4 (initial active 4) (4 cores per cpu, 1 threads per core) family 6 model 94 stepping 3, cmov, cx8, fxsr, mmx, sse, sse2, sse3, ssse3, sse4.1, sse4.2, popcnt, avx, avx2, aes, clmul, erms, rtm, 3dnowpref, lzcnt, tsc, tscinvbit, bmi1, bmi2, adx, fma

Memory: 4k page, system-wide physical 16324M (6845M free)
TotalPageFile size 19133M (AvailPageFile size 3054M)
current process WorkingSet (physical memory assigned to process): 112M, peak: 121M
current process commit charge ("private bytes"): 381M, peak: 389M

vm_info: Java HotSpot(TM) 64-Bit Server VM (13.0.1+9) for windows-amd64 JRE (13.0.1+9), built on Oct  6 2019 12:37:49 by "mach5one" with unknown MS VC++:1916

END.
